  [1m[35m (597.5ms)[0m  [1m[35mCREATE DATABASE "best-offer-backend_development" ENCODING = 'unicode'[0m
  ↳ bin/rails:9
  [1m[35m (417.1ms)[0m  [1m[35mCREATE DATABASE "best-offer-backend_test" ENCODING = 'unicode'[0m
  ↳ bin/rails:9
  [1m[35m (60.8ms)[0m  [1m[35mCREATE TABLE "schema_migrations" ("version" character varying NOT NULL PRIMARY KEY)[0m
  ↳ bin/rails:9
  [1m[35m (25.8ms)[0m  [1m[35mCREATE TABLE "ar_internal_metadata" ("key" character varying NOT NULL PRIMARY KEY, "value" character varying, "created_at" timestamp NOT NULL, "updated_at" timestamp NOT NULL)[0m
  ↳ bin/rails:9
  [1m[35m (1.0ms)[0m  [1m[34mSELECT pg_try_advisory_lock(1467162433446797430)[0m
  ↳ bin/rails:9
  [1m[35m (0.6ms)[0m  [1m[34mSELECT "schema_migrations"."version" FROM "schema_migrations" ORDER BY "schema_migrations"."version" ASC[0m
  ↳ bin/rails:9
Migrating to CreateUsers (20190918151941)
  [1m[35m (0.2ms)[0m  [1m[35mBEGIN[0m
  ↳ bin/rails:9
  [1m[35m (52.5ms)[0m  [1m[35mCREATE TABLE "users" ("id" bigserial primary key, "name" character varying, "created_at" timestamp NOT NULL, "updated_at" timestamp NOT NULL)[0m
  ↳ db/migrate/20190918151941_create_users.rb:3
  [1m[36mActiveRecord::SchemaMigration Create (1.8ms)[0m  [1m[32mINSERT INTO "schema_migrations" ("version") VALUES ($1) RETURNING "version"[0m  [["version", "20190918151941"]]
  ↳ bin/rails:9
  [1m[35m (2.0ms)[0m  [1m[35mCOMMIT[0m
  ↳ bin/rails:9
Migrating to CreateSpecialties (20190918153148)
  [1m[35m (40.5ms)[0m  [1m[35mBEGIN[0m
  ↳ bin/rails:9
  [1m[35m (8.2ms)[0m  [1m[35mCREATE TABLE "specialties" ("id" bigserial primary key, "name" character varying, "created_at" timestamp NOT NULL, "updated_at" timestamp NOT NULL)[0m
  ↳ db/migrate/20190918153148_create_specialties.rb:3
  [1m[36mActiveRecord::SchemaMigration Create (0.6ms)[0m  [1m[32mINSERT INTO "schema_migrations" ("version") VALUES ($1) RETURNING "version"[0m  [["version", "20190918153148"]]
  ↳ bin/rails:9
  [1m[35m (1.5ms)[0m  [1m[35mCOMMIT[0m
  ↳ bin/rails:9
Migrating to CreateTasks (20190918153242)
  [1m[35m (39.6ms)[0m  [1m[35mBEGIN[0m
  ↳ bin/rails:9
  [1m[35m (7.9ms)[0m  [1m[35mCREATE TABLE "tasks" ("id" bigserial primary key, "name" character varying, "description" text, "user_id" bigint, "specialty_id" bigint, "created_at" timestamp NOT NULL, "updated_at" timestamp NOT NULL, CONSTRAINT "fk_rails_4d2a9e4d7e"
FOREIGN KEY ("user_id")
  REFERENCES "users" ("id")
, CONSTRAINT "fk_rails_0190f32878"
FOREIGN KEY ("specialty_id")
  REFERENCES "specialties" ("id")
)[0m
  ↳ db/migrate/20190918153242_create_tasks.rb:3
  [1m[35m (16.3ms)[0m  [1m[35mCREATE  INDEX  "index_tasks_on_user_id" ON "tasks"  ("user_id")[0m
  ↳ db/migrate/20190918153242_create_tasks.rb:3
  [1m[35m (3.3ms)[0m  [1m[35mCREATE  INDEX  "index_tasks_on_specialty_id" ON "tasks"  ("specialty_id")[0m
  ↳ db/migrate/20190918153242_create_tasks.rb:3
  [1m[36mActiveRecord::SchemaMigration Create (0.4ms)[0m  [1m[32mINSERT INTO "schema_migrations" ("version") VALUES ($1) RETURNING "version"[0m  [["version", "20190918153242"]]
  ↳ bin/rails:9
  [1m[35m (1.2ms)[0m  [1m[35mCOMMIT[0m
  ↳ bin/rails:9
Migrating to CreateContractors (20190918153342)
  [1m[35m (39.9ms)[0m  [1m[35mBEGIN[0m
  ↳ bin/rails:9
  [1m[35m (6.2ms)[0m  [1m[35mCREATE TABLE "contractors" ("id" bigserial primary key, "name" character varying, "created_at" timestamp NOT NULL, "updated_at" timestamp NOT NULL)[0m
  ↳ db/migrate/20190918153342_create_contractors.rb:3
  [1m[36mActiveRecord::SchemaMigration Create (0.2ms)[0m  [1m[32mINSERT INTO "schema_migrations" ("version") VALUES ($1) RETURNING "version"[0m  [["version", "20190918153342"]]
  ↳ bin/rails:9
  [1m[35m (1.5ms)[0m  [1m[35mCOMMIT[0m
  ↳ bin/rails:9
Migrating to CreateJoinTableContractorSpecialty (20190918153908)
  [1m[35m (42.0ms)[0m  [1m[35mBEGIN[0m
  ↳ bin/rails:9
  [1m[35m (2.6ms)[0m  [1m[35mCREATE TABLE "contractors_specialties" ("contractor_id" bigint NOT NULL, "specialty_id" bigint NOT NULL)[0m
  ↳ db/migrate/20190918153908_create_join_table_contractor_specialty.rb:3
  [1m[35m (1.9ms)[0m  [1m[35mCREATE  INDEX  "index_contractors_specialties_on_contractor_id_and_specialty_id" ON "contractors_specialties"  ("contractor_id", "specialty_id")[0m
  ↳ db/migrate/20190918153908_create_join_table_contractor_specialty.rb:3
  [1m[36mActiveRecord::SchemaMigration Create (0.4ms)[0m  [1m[32mINSERT INTO "schema_migrations" ("version") VALUES ($1) RETURNING "version"[0m  [["version", "20190918153908"]]
  ↳ bin/rails:9
  [1m[35m (1.1ms)[0m  [1m[35mCOMMIT[0m
  ↳ bin/rails:9
Migrating to CreateBids (20190918155211)
  [1m[35m (0.2ms)[0m  [1m[35mBEGIN[0m
  ↳ bin/rails:9
  [1m[35m (44.7ms)[0m  [1m[35mCREATE TABLE "bids" ("id" bigserial primary key, "task_id" bigint, "contractor_id" bigint, "price" integer, "status" boolean DEFAULT FALSE, "created_at" timestamp NOT NULL, "updated_at" timestamp NOT NULL, CONSTRAINT "fk_rails_77dd9f79eb"
FOREIGN KEY ("task_id")
  REFERENCES "tasks" ("id")
, CONSTRAINT "fk_rails_16553572b9"
FOREIGN KEY ("contractor_id")
  REFERENCES "contractors" ("id")
)[0m
  ↳ db/migrate/20190918155211_create_bids.rb:3
  [1m[35m (3.1ms)[0m  [1m[35mCREATE  INDEX  "index_bids_on_task_id" ON "bids"  ("task_id")[0m
  ↳ db/migrate/20190918155211_create_bids.rb:3
  [1m[35m (2.0ms)[0m  [1m[35mCREATE  INDEX  "index_bids_on_contractor_id" ON "bids"  ("contractor_id")[0m
  ↳ db/migrate/20190918155211_create_bids.rb:3
  [1m[36mActiveRecord::SchemaMigration Create (0.3ms)[0m  [1m[32mINSERT INTO "schema_migrations" ("version") VALUES ($1) RETURNING "version"[0m  [["version", "20190918155211"]]
  ↳ bin/rails:9
  [1m[35m (1.4ms)[0m  [1m[35mCOMMIT[0m
  ↳ bin/rails:9
Migrating to CreateReviews (20190918155401)
  [1m[35m (25.8ms)[0m  [1m[35mBEGIN[0m
  ↳ bin/rails:9
  [1m[35m (7.0ms)[0m  [1m[35mCREATE TABLE "reviews" ("id" bigserial primary key, "user_id" bigint, "contractor_id" bigint, "stars" integer, "content" text, "created_at" timestamp NOT NULL, "updated_at" timestamp NOT NULL, CONSTRAINT "fk_rails_74a66bd6c5"
FOREIGN KEY ("user_id")
  REFERENCES "users" ("id")
, CONSTRAINT "fk_rails_69192786df"
FOREIGN KEY ("contractor_id")
  REFERENCES "contractors" ("id")
)[0m
  ↳ db/migrate/20190918155401_create_reviews.rb:3
  [1m[35m (2.3ms)[0m  [1m[35mCREATE  INDEX  "index_reviews_on_user_id" ON "reviews"  ("user_id")[0m
  ↳ db/migrate/20190918155401_create_reviews.rb:3
  [1m[35m (2.5ms)[0m  [1m[35mCREATE  INDEX  "index_reviews_on_contractor_id" ON "reviews"  ("contractor_id")[0m
  ↳ db/migrate/20190918155401_create_reviews.rb:3
  [1m[36mActiveRecord::SchemaMigration Create (0.4ms)[0m  [1m[32mINSERT INTO "schema_migrations" ("version") VALUES ($1) RETURNING "version"[0m  [["version", "20190918155401"]]
  ↳ bin/rails:9
  [1m[35m (1.3ms)[0m  [1m[35mCOMMIT[0m
  ↳ bin/rails:9
  [1m[36mActiveRecord::InternalMetadata Load (0.6ms)[0m  [1m[34mSELECT  "ar_internal_metadata".* FROM "ar_internal_metadata" WHERE "ar_internal_metadata"."key" = $1 LIMIT $2[0m  [["key", "environment"], ["LIMIT", 1]]
  ↳ bin/rails:9
  [1m[35m (0.3ms)[0m  [1m[35mBEGIN[0m
  ↳ bin/rails:9
  [1m[36mActiveRecord::InternalMetadata Create (2.5ms)[0m  [1m[32mINSERT INTO "ar_internal_metadata" ("key", "value", "created_at", "updated_at") VALUES ($1, $2, $3, $4) RETURNING "key"[0m  [["key", "environment"], ["value", "development"], ["created_at", "2019-09-18 15:54:28.698893"], ["updated_at", "2019-09-18 15:54:28.698893"]]
  ↳ bin/rails:9
  [1m[35m (40.9ms)[0m  [1m[35mCOMMIT[0m
  ↳ bin/rails:9
  [1m[35m (0.6ms)[0m  [1m[34mSELECT pg_advisory_unlock(1467162433446797430)[0m
  ↳ bin/rails:9
  [1m[35m (2.4ms)[0m  [1m[34mSELECT "schema_migrations"."version" FROM "schema_migrations" ORDER BY "schema_migrations"."version" ASC[0m
  ↳ bin/rails:9
